{
  "stats": {
    "suites": 1,
    "tests": 6,
    "passes": 6,
    "pending": 0,
    "failures": 0,
    "start": "2022-03-26T11:03:00.291Z",
    "end": "2022-03-26T11:04:05.021Z",
    "duration": 64730,
    "testsRegistered": 6,
    "passPercent": 100,
    "pendingPercent": 0,
    "other": 0,
    "hasOther": false,
    "skipped": 0,
    "hasSkipped": false
  },
  "results": [
    {
      "uuid": "bbb37e98-e1b8-4347-9a98-eaccc354a8a7",
      "title": "",
      "fullFile": "cypress/integration/TestRuns/Login.spec.js",
      "file": "cypress/integration/TestRuns/Login.spec.js",
      "beforeHooks": [],
      "afterHooks": [],
      "tests": [],
      "suites": [
        {
          "uuid": "e44459d7-5632-405e-a5cf-532fa326d020",
          "title": "Logging in",
          "fullFile": "",
          "file": "",
          "beforeHooks": [],
          "afterHooks": [],
          "tests": [
            {
              "title": "Trying to log in with invalid credentials",
              "fullTitle": "Logging in Trying to log in with invalid credentials",
              "timedOut": null,
              "duration": 22914,
              "state": "passed",
              "speed": "slow",
              "pass": true,
              "fail": false,
              "pending": false,
              "context": null,
              "code": "// cy.visit(\"/\")\n// cy.get(\"[class=ico]\").click()\n// cy.get(\"#Login_EmailAddress\").type(\"asdf@asdf.com\")\n// cy.get(\"#Login_Password\").type(\"PasswordWrong\")\n// cy.get(\"#LoginButton\").click()\n// cy.get(\"[data-valmsg-for=Login]\").should(\"have.text\", \"This email address or password is incorrect\")\n_LoginPage.LoginPage.openLoginPage();\n_LoginPage.LoginPage.enterEmail(\"invalidUser\");\n_LoginPage.LoginPage.enterPassword(\"invalidUser\");\n_LoginPage.LoginPage.submitAndVerifyInvalidLoginError(\"This email address or password is incorrect\");",
              "err": {},
              "uuid": "1b274669-ef06-4a87-a22c-a1accb485818",
              "parentUUID": "e44459d7-5632-405e-a5cf-532fa326d020",
              "isHook": false,
              "skipped": false
            },
            {
              "title": "Trying to login with invalid password",
              "fullTitle": "Logging in Trying to login with invalid password",
              "timedOut": null,
              "duration": 9809,
              "state": "passed",
              "speed": "medium",
              "pass": true,
              "fail": false,
              "pending": false,
              "context": null,
              "code": "// cy.visit(\"/\")\n// cy.get(\"[class=ico]\").click()\n// cy.get(\"#Login_EmailAddress\").type(\"boban.avramoski@testdevlab.com\")\n// cy.get(\"#Login_Password\").type(\"PasswordWrong\")\n// cy.get(\"#LoginButton\").click()\n// cy.get(\"[data-valmsg-for=Login]\").should(\"have.text\", \"This email address or password is incorrect\")\n_LoginPage.LoginPage.openLoginPage();\n_LoginPage.LoginPage.enterEmail(\"registeredUser\");\n_LoginPage.LoginPage.enterPassword(\"invalidUser\");\n_LoginPage.LoginPage.submitAndVerifyInvalidLoginError(\"This email address or password is incorrect\");",
              "err": {},
              "uuid": "ece4343e-e1bf-4578-bfb2-535991a90663",
              "parentUUID": "e44459d7-5632-405e-a5cf-532fa326d020",
              "isHook": false,
              "skipped": false
            },
            {
              "title": "Trying to login without Username",
              "fullTitle": "Logging in Trying to login without Username",
              "timedOut": null,
              "duration": 7310,
              "state": "passed",
              "speed": "medium",
              "pass": true,
              "fail": false,
              "pending": false,
              "context": null,
              "code": "// cy.visit(\"/\")\n// cy.get(\"[class=ico]\").click()\n// cy.get(\"#Login_Password\").type(\"Password\")\n// cy.get(\"#LoginButton\").click()\n// cy.get(\"#Login_EmailAddress-error\").should(\"have.text\", \"Please provide an email address\")\n_LoginPage.LoginPage.openLoginPage();\n_LoginPage.LoginPage.enterPassword(\"registeredUser\");\n_LoginPage.LoginPage.clickLoginButton();\n_LoginPage.LoginPage.verifyEmailError(\"Please provide an email address\");",
              "err": {},
              "uuid": "e7390648-a540-4aca-b977-91e14704312e",
              "parentUUID": "e44459d7-5632-405e-a5cf-532fa326d020",
              "isHook": false,
              "skipped": false
            },
            {
              "title": "Trying to login without password",
              "fullTitle": "Logging in Trying to login without password",
              "timedOut": null,
              "duration": 7620,
              "state": "passed",
              "speed": "medium",
              "pass": true,
              "fail": false,
              "pending": false,
              "context": null,
              "code": "// cy.visit(\"/\")\n// cy.get(\"[class=ico]\").click()\n// cy.get(\"#Login_EmailAddress\").type(\"boban.avramoski@testdevlab.com\")\n// cy.get(\"#LoginButton\").click()\n// cy.get(\"#Login_Password-error\").should(\"have.text\", \"Please provide a password\")\n_LoginPage.LoginPage.openLoginPage();\n_LoginPage.LoginPage.enterEmail(\"registeredUser\");\n_LoginPage.LoginPage.clickLoginButton();\n_LoginPage.LoginPage.verifyPasswordError(\"Please provide a password\");",
              "err": {},
              "uuid": "cf14910c-1664-4416-b92a-c1c346c7873d",
              "parentUUID": "e44459d7-5632-405e-a5cf-532fa326d020",
              "isHook": false,
              "skipped": false
            },
            {
              "title": "Trying to login without any credentials",
              "fullTitle": "Logging in Trying to login without any credentials",
              "timedOut": null,
              "duration": 5084,
              "state": "passed",
              "speed": "medium",
              "pass": true,
              "fail": false,
              "pending": false,
              "context": null,
              "code": "// cy.visit(\"/\")\n// cy.get(\"[class=ico]\").click()\n// cy.get(\"#LoginButton\").click()\n// cy.get(\"#Login_EmailAddress-error\").should(\"have.text\", \"Please provide an email address\")\n// cy.get(\"#Login_Password-error\").should(\"have.text\", \"Please provide a password\")\n_LoginPage.LoginPage.openLoginPage();\n_LoginPage.LoginPage.clickLoginButton();\n_LoginPage.LoginPage.verifyEmailError(\"Please provide an email address\");\n_LoginPage.LoginPage.verifyPasswordError(\"Please provide a password\");",
              "err": {},
              "uuid": "8e9b8ad4-e477-45b9-9cd4-41e276fa6c36",
              "parentUUID": "e44459d7-5632-405e-a5cf-532fa326d020",
              "isHook": false,
              "skipped": false
            },
            {
              "title": "Logging in with an existing user",
              "fullTitle": "Logging in Logging in with an existing user",
              "timedOut": null,
              "duration": 11321,
              "state": "passed",
              "speed": "slow",
              "pass": true,
              "fail": false,
              "pending": false,
              "context": null,
              "code": "// cy.visit(\"/\")\n// cy.get(\"[class=ico]\").click()\n// cy.get(\"#Login_EmailAddress\").type(\"boban.avramoski@testdevlab.com\")\n// cy.get(\"#Login_Password\").type(\"Password\")\n// cy.get(\"#LoginButton\").click()\n// cy.get(\"[class=TopSubLinkMenu]\").should(\"exist\")\n_LoginPage.LoginPage.openLoginPage();\n_LoginPage.LoginPage.enterEmail(\"registeredUser\");\n_LoginPage.LoginPage.enterPassword(\"registeredUser\");\n_LoginPage.LoginPage.clickLoginButton();\n_HomePage.HomePage.verifyAccountMenuExists();",
              "err": {},
              "uuid": "5932e3e7-798c-4429-845c-d64af08f5e02",
              "parentUUID": "e44459d7-5632-405e-a5cf-532fa326d020",
              "isHook": false,
              "skipped": false
            }
          ],
          "suites": [],
          "passes": [
            "1b274669-ef06-4a87-a22c-a1accb485818",
            "ece4343e-e1bf-4578-bfb2-535991a90663",
            "e7390648-a540-4aca-b977-91e14704312e",
            "cf14910c-1664-4416-b92a-c1c346c7873d",
            "8e9b8ad4-e477-45b9-9cd4-41e276fa6c36",
            "5932e3e7-798c-4429-845c-d64af08f5e02"
          ],
          "failures": [],
          "pending": [],
          "skipped": [],
          "duration": 64058,
          "root": false,
          "rootEmpty": false,
          "_timeout": 2000
        }
      ],
      "passes": [],
      "failures": [],
      "pending": [],
      "skipped": [],
      "duration": 0,
      "root": true,
      "rootEmpty": true,
      "_timeout": 2000
    }
  ],
  "meta": {
    "mocha": {
      "version": "7.0.1"
    },
    "mochawesome": {
      "options": {
        "quiet": false,
        "reportFilename": "mochawesome",
        "saveHtml": true,
        "saveJson": true,
        "consoleReporter": "spec",
        "useInlineDiffs": false,
        "code": true
      },
      "version": "7.1.3"
    },
    "marge": {
      "options": {
        "reportDir": "cypress/task",
        "html": true,
        "overwrite": false
      },
      "version": "6.2.0"
    }
  }
}