{
  "stats": {
    "suites": 1,
    "tests": 1,
    "passes": 1,
    "pending": 0,
    "failures": 0,
    "start": "2022-03-26T11:05:25.657Z",
    "end": "2022-03-26T11:05:49.837Z",
    "duration": 24180,
    "testsRegistered": 1,
    "passPercent": 100,
    "pendingPercent": 0,
    "other": 0,
    "hasOther": false,
    "skipped": 0,
    "hasSkipped": false
  },
  "results": [
    {
      "uuid": "28c9d8e3-59c9-4b92-b195-d3dae6193cac",
      "title": "",
      "fullFile": "cypress/integration/TestRuns/Sorting.spec.js",
      "file": "cypress/integration/TestRuns/Sorting.spec.js",
      "beforeHooks": [],
      "afterHooks": [],
      "tests": [],
      "suites": [
        {
          "uuid": "1f1a63a5-eb28-4dec-ac7f-f01e55fb6e49",
          "title": "Sorting",
          "fullFile": "",
          "file": "",
          "beforeHooks": [],
          "afterHooks": [],
          "tests": [
            {
              "title": "Sorting by brand",
              "fullTitle": "Sorting Sorting by brand",
              "timedOut": null,
              "duration": 23798,
              "state": "passed",
              "speed": "slow",
              "pass": true,
              "fail": false,
              "pending": false,
              "context": null,
              "code": "cy.viewport(1920, 1080);\n_ProductPage.ProductPage.sortNewBalance(); // cy.visit(\"https://lv.sportsdirect.com/sale/football\")\n// cy.get(\"[data-item='ABRA^New Balance']\").click()\n\ncy.wait(5000);\ncy.get(\"#navlist li\").each(item => {\n  expect(item.html()).to.contain(\"New Balance\");\n});",
              "err": {},
              "uuid": "17c8bd3a-6a14-4d9b-a5c4-4351752fc1ac",
              "parentUUID": "1f1a63a5-eb28-4dec-ac7f-f01e55fb6e49",
              "isHook": false,
              "skipped": false
            }
          ],
          "suites": [],
          "passes": [
            "17c8bd3a-6a14-4d9b-a5c4-4351752fc1ac"
          ],
          "failures": [],
          "pending": [],
          "skipped": [],
          "duration": 23798,
          "root": false,
          "rootEmpty": false,
          "_timeout": 2000
        }
      ],
      "passes": [],
      "failures": [],
      "pending": [],
      "skipped": [],
      "duration": 0,
      "root": true,
      "rootEmpty": true,
      "_timeout": 2000
    }
  ],
  "meta": {
    "mocha": {
      "version": "7.0.1"
    },
    "mochawesome": {
      "options": {
        "quiet": false,
        "reportFilename": "mochawesome",
        "saveHtml": true,
        "saveJson": true,
        "consoleReporter": "spec",
        "useInlineDiffs": false,
        "code": true
      },
      "version": "7.1.3"
    },
    "marge": {
      "options": {
        "reportDir": "cypress/task",
        "html": true,
        "overwrite": false
      },
      "version": "6.2.0"
    }
  }
}